<?xml version="1.0" encoding="UTF-8"?>
<testng-results ignored="0" total="1" passed="1" failed="0" skipped="0">
  <reporter-output>
  </reporter-output>
  <suite started-at="2025-02-16T12:41:20 IST" name="Suite" finished-at="2025-02-16T12:41:31 IST" duration-ms="10308">
    <groups>
    </groups>
    <test started-at="2025-02-16T12:41:20 IST" name="master" finished-at="2025-02-16T12:41:31 IST" duration-ms="10308">
      <class name="testCases.TC001_AccountRegistrationTest">
        <test-method is-config="true" signature="setup()[pri:0, instance:testCases.TC001_AccountRegistrationTest@15ff3e9e]" started-at="2025-02-16T12:41:20 IST" name="setup" finished-at="2025-02-16T12:41:27 IST" duration-ms="6562" status="PASS">
          <reporter-output>
          </reporter-output>
        </test-method> <!-- setup -->
        <test-method signature="verify_account_registeration()[pri:0, instance:testCases.TC001_AccountRegistrationTest@15ff3e9e]" started-at="2025-02-16T12:41:27 IST" name="verify_account_registeration" finished-at="2025-02-16T12:41:30 IST" duration-ms="3402" status="PASS">
          <reporter-output>
          </reporter-output>
        </test-method> <!-- verify_account_registeration -->
        <test-method is-config="true" signature="tearDown()[pri:0, instance:testCases.TC001_AccountRegistrationTest@15ff3e9e]" started-at="2025-02-16T12:41:30 IST" name="tearDown" finished-at="2025-02-16T12:41:31 IST" duration-ms="257" status="PASS">
          <reporter-output>
          </reporter-output>
        </test-method> <!-- tearDown -->
      </class> <!-- testCases.TC001_AccountRegistrationTest -->
    </test> <!-- master -->
  </suite> <!-- Suite -->
</testng-results>
