<?xml version="1.0" encoding="UTF-8"?>
<testng-results ignored="0" total="1" passed="1" failed="0" skipped="0">
  <reporter-output>
  </reporter-output>
  <suite started-at="2025-02-16T10:30:54 IST" name="Default suite" finished-at="2025-02-16T10:31:01 IST" duration-ms="7134">
    <groups>
    </groups>
    <test started-at="2025-02-16T10:30:54 IST" name="Default test" finished-at="2025-02-16T10:31:01 IST" duration-ms="7134">
      <class name="testCases.TC001_AccountRegistrationTest">
        <test-method is-config="true" signature="setup()[pri:0, instance:testCases.TC001_AccountRegistrationTest@5bf0d49]" started-at="2025-02-16T10:30:54 IST" name="setup" finished-at="2025-02-16T10:30:58 IST" duration-ms="3894" status="PASS">
          <reporter-output>
          </reporter-output>
        </test-method> <!-- setup -->
        <test-method signature="verify_account_registeration()[pri:0, instance:testCases.TC001_AccountRegistrationTest@5bf0d49]" started-at="2025-02-16T10:30:58 IST" name="verify_account_registeration" finished-at="2025-02-16T10:31:01 IST" duration-ms="2956" status="PASS">
          <reporter-output>
          </reporter-output>
        </test-method> <!-- verify_account_registeration -->
        <test-method is-config="true" signature="tearDown()[pri:0, instance:testCases.TC001_AccountRegistrationTest@5bf0d49]" started-at="2025-02-16T10:31:01 IST" name="tearDown" finished-at="2025-02-16T10:31:01 IST" duration-ms="216" status="PASS">
          <reporter-output>
          </reporter-output>
        </test-method> <!-- tearDown -->
      </class> <!-- testCases.TC001_AccountRegistrationTest -->
    </test> <!-- Default test -->
  </suite> <!-- Default suite -->
</testng-results>
